============================= test session starts ==============================
platform linux -- Python 3.8.10, pytest-4.6.9, py-1.8.1, pluggy-0.13.0
rootdir: /home/leila/Desktop/katas/kata-manhattan
collected 12 items

test_manhattan.py .....FF....F                                           [100%]

=================================== FAILURES ===================================
_____________ test_dist_two_points_when_both_differ_should_be_four _____________

    def test_dist_two_points_when_both_differ_should_be_four():
        p1 = manhattan.Point(4, 2)
        p2 = manhattan.Point(7, 1)
>       assert manhattan.distance(p1, p2) == 4
E       assert 2 == 4
E        +  where 2 = <function distance at 0x7f4d316a3820>(<manhattan.Point object at 0x7f4d31689340>, <manhattan.Point object at 0x7f4d31689130>)
E        +    where <function distance at 0x7f4d316a3820> = manhattan.distance

test_manhattan.py:36: AssertionError
_ test_dist_two_points_when_both_differ_in_reverse_order_should_still_be_four __

    def test_dist_two_points_when_both_differ_in_reverse_order_should_still_be_four():
        p1 = manhattan.Point(4, 2)
        p2 = manhattan.Point(7, 1)
>       assert manhattan.distance(p2, p1) == 4
E       assert 2 == 4
E        +  where 2 = <function distance at 0x7f4d316a3820>(<manhattan.Point object at 0x7f4d316c3370>, <manhattan.Point object at 0x7f4d316c3c40>)
E        +    where <function distance at 0x7f4d316a3820> = manhattan.distance

test_manhattan.py:42: AssertionError
_______________________________ test_coding_dojo _______________________________

    def test_coding_dojo():
        assert manhattan.distance(manhattan.Point(1, 1), manhattan.Point(1, 1)) == 0
        assert manhattan.distance(manhattan.Point(5, 4), manhattan.Point(3, 2)) == 4
>       assert manhattan.distance(manhattan.Point(1, 1), manhattan.Point(0, 3)) == 3
E       AssertionError: assert 1 == 3
E        +  where 1 = <function distance at 0x7f4d316a3820>(<manhattan.Point object at 0x7f4d3167b280>, <manhattan.Point object at 0x7f4d3167b850>)
E        +    where <function distance at 0x7f4d316a3820> = manhattan.distance
E        +    and   <manhattan.Point object at 0x7f4d3167b280> = <class 'manhattan.Point'>(1, 1)
E        +      where <class 'manhattan.Point'> = manhattan.Point
E        +    and   <manhattan.Point object at 0x7f4d3167b850> = <class 'manhattan.Point'>(0, 3)
E        +      where <class 'manhattan.Point'> = manhattan.Point

test_manhattan.py:71: AssertionError
====================== 3 failed, 9 passed in 0.03 seconds ======================
